<?xml version="1.0" encoding="UTF-8"?>
<!-- Generated by org.testng.reporters.JUnitReportReporter -->
<testsuite hostname="DESKTOP-7RSSMPL" failures="0" tests="1" name="cucumber.TestNGTestRunner" time="79.289" errors="0" timestamp="2024-09-08T20:28:27 IST" skipped="0">
  <testcase classname="cucumber.TestNGTestRunner" name="runScenario" time="79.289"/>
</testsuite> <!-- cucumber.TestNGTestRunner -->
