<?xml version="1.0" encoding="UTF-8"?>
<!-- Generated by org.testng.reporters.JUnitReportReporter -->
<testsuite hostname="DESKTOP-7RSSMPL" failures="0" tests="3" name="rahulshettyacademy.tests.ErrorValidationsTest" time="174.349" errors="0" timestamp="2024-09-22T14:23:20 IST" skipped="1">
  <testcase classname="rahulshettyacademy.tests.ErrorValidationsTest" name="ProductErrorValidation" time="46.876"/>
  <testcase classname="rahulshettyacademy.tests.ErrorValidationsTest" name="LoginErrorValidation" time="55.277">
    <skipped/>
  </testcase> <!-- LoginErrorValidation -->
  <testcase classname="rahulshettyacademy.tests.ErrorValidationsTest" name="LoginErrorValidation" time="72.196"/>
</testsuite> <!-- rahulshettyacademy.tests.ErrorValidationsTest -->
