<?xml version="1.0" encoding="UTF-8"?>
<!-- Generated by org.testng.reporters.JUnitReportReporter -->
<testsuite hostname="DESKTOP-7RSSMPL" failures="0" tests="3" name="rahulshettyacademy.tests.ErrorValidationsTest" time="130.929" errors="0" timestamp="2024-09-08T20:48:30 IST" skipped="1">
  <testcase classname="rahulshettyacademy.tests.ErrorValidationsTest" name="LoginErrorValidation" time="28.695"/>
  <testcase classname="rahulshettyacademy.tests.ErrorValidationsTest" name="ProductErrorValidation" time="48.171"/>
  <testcase classname="rahulshettyacademy.tests.ErrorValidationsTest" name="LoginErrorValidation" time="54.063">
    <skipped/>
  </testcase> <!-- LoginErrorValidation -->
</testsuite> <!-- rahulshettyacademy.tests.ErrorValidationsTest -->
