<?xml version="1.0" encoding="UTF-8"?>
<!-- Generated by org.testng.reporters.JUnitReportReporter -->
<testsuite hostname="DESKTOP-7RSSMPL" failures="0" tests="3" name="rahulshettyacademy.tests.SubmitOrderTest" time="155.426" errors="0" timestamp="2024-09-23T14:53:29 GMT+05:30" skipped="0">
  <testcase classname="rahulshettyacademy.tests.SubmitOrderTest" name="submitOrder" time="63.646"/>
  <testcase classname="rahulshettyacademy.tests.SubmitOrderTest" name="submitOrder" time="48.919"/>
  <testcase classname="rahulshettyacademy.tests.SubmitOrderTest" name="OrderHistoryTest" time="42.861"/>
</testsuite> <!-- rahulshettyacademy.tests.SubmitOrderTest -->
