<?xml version="1.0" encoding="UTF-8"?>
<!-- Generated by org.testng.reporters.JUnitReportReporter -->
<testsuite hostname="DESKTOP-7RSSMPL" failures="0" tests="2" name="rahulshettyacademy.tests.ErrorValidationsTest" time="41.608" errors="0" timestamp="2024-09-08T21:19:34 IST" skipped="0">
  <testcase classname="rahulshettyacademy.tests.ErrorValidationsTest" name="LoginErrorValidation" time="18.911"/>
  <testcase classname="rahulshettyacademy.tests.ErrorValidationsTest" name="ProductErrorValidation" time="22.697"/>
</testsuite> <!-- rahulshettyacademy.tests.ErrorValidationsTest -->
