<?xml version="1.0" encoding="UTF-8"?>
<!-- Generated by org.testng.reporters.JUnitReportReporter -->
<testsuite hostname="DESKTOP-7RSSMPL" failures="0" tests="3" name="rahulshettyacademy.tests.SubmitOrderTest" time="70.863" errors="0" timestamp="2024-09-08T21:19:34 IST" skipped="0">
  <testcase classname="rahulshettyacademy.tests.SubmitOrderTest" name="OrderHistoryTest" time="22.413"/>
  <testcase classname="rahulshettyacademy.tests.SubmitOrderTest" name="submitOrder" time="22.892"/>
  <testcase classname="rahulshettyacademy.tests.SubmitOrderTest" name="submitOrder" time="25.558"/>
</testsuite> <!-- rahulshettyacademy.tests.SubmitOrderTest -->
