<?xml version="1.0" encoding="UTF-8"?>
<!-- Generated by org.testng.reporters.JUnitReportReporter -->
<testsuite hostname="DESKTOP-7RSSMPL" failures="0" tests="1" name="cucumber.TestNGTestRunner" time="34.168" errors="0" timestamp="2024-09-08T21:19:34 IST" skipped="0">
  <testcase classname="cucumber.TestNGTestRunner" name="runScenario" time="34.168"/>
</testsuite> <!-- cucumber.TestNGTestRunner -->
